This file contains any messages produced by compilers while
running configure, to aid debugging if configure makes a mistake.

It was created by libltdl configure 1.2, which was
generated by GNU Autoconf 2.61.  Invocation command line was

  $ ./configure --prefix=/tmp/lixa --with-oracle=/usr/lib/oracle/xe/app/oracle/product/10.2.0/server CPPFLAGS=-I/usr/include/libxml2 --enable-ltdl-install=no --cache-file=/dev/null --srcdir=.

## --------- ##
## Platform. ##
## --------- ##

hostname = ubuntu
uname -m = i686
uname -r = 2.6.24-24-server
uname -s = Linux
uname -v = #1 SMP Fri Sep 18 17:24:10 UTC 2009

/usr/bin/uname -p = unknown
/bin/uname -X     = unknown

/bin/arch              = unknown
/usr/bin/arch -k       = unknown
/usr/convex/getsysinfo = unknown
/usr/bin/hostinfo      = unknown
/bin/machine           = unknown
/usr/bin/oslevel       = unknown
/bin/universe          = unknown

PATH: /usr/local/sbin
PATH: /usr/local/bin
PATH: /usr/sbin
PATH: /usr/bin
PATH: /sbin
PATH: /bin
PATH: /usr/games


## ----------- ##
## Core tests. ##
## ----------- ##

configure:2019: checking for a BSD-compatible install
configure:2075: result: /usr/bin/install -c
configure:2086: checking whether build environment is sane
configure:2129: result: yes
configure:2157: checking for a thread-safe mkdir -p
configure:2196: result: /bin/mkdir -p
configure:2209: checking for gawk
configure:2239: result: no
configure:2209: checking for mawk
configure:2225: found /usr/bin/mawk
configure:2236: result: mawk
configure:2247: checking whether make sets $(MAKE)
configure:2268: result: yes
configure:2502: checking for gcc
configure:2518: found /usr/bin/gcc
configure:2529: result: gcc
configure:2767: checking for C compiler version
configure:2774: gcc --version >&5
gcc (GCC) 4.2.4 (Ubuntu 4.2.4-1ubuntu4)
Copyright (C) 2007 Free Software Foundation, Inc.
This is free software; see the source for copying conditions.  There is NO
warranty; not even for MERCHANTABILITY or FITNESS FOR A PARTICULAR PURPOSE.

configure:2777: $? = 0
configure:2784: gcc -v >&5
Using built-in specs.
Target: i486-linux-gnu
Configured with: ../src/configure -v --enable-languages=c,c++,fortran,objc,obj-c++,treelang --prefix=/usr --enable-shared --with-system-zlib --libexecdir=/usr/lib --without-included-gettext --enable-threads=posix --enable-nls --with-gxx-include-dir=/usr/include/c++/4.2 --program-suffix=-4.2 --enable-clocale=gnu --enable-libstdcxx-debug --enable-objc-gc --enable-mpfr --enable-targets=all --enable-checking=release --build=i486-linux-gnu --host=i486-linux-gnu --target=i486-linux-gnu
Thread model: posix
gcc version 4.2.4 (Ubuntu 4.2.4-1ubuntu4)
configure:2787: $? = 0
configure:2794: gcc -V >&5
gcc: '-V' option must have argument
configure:2797: $? = 1
configure:2820: checking for C compiler default output file name
configure:2847: gcc  -I/usr/include/libxml2  conftest.c  >&5
configure:2850: $? = 0
configure:2888: result: a.out
configure:2905: checking whether the C compiler works
configure:2915: ./a.out
configure:2918: $? = 0
configure:2935: result: yes
configure:2942: checking whether we are cross compiling
configure:2944: result: no
configure:2947: checking for suffix of executables
configure:2954: gcc -o conftest  -I/usr/include/libxml2  conftest.c  >&5
configure:2957: $? = 0
configure:2981: result: 
configure:2987: checking for suffix of object files
configure:3013: gcc -c  -I/usr/include/libxml2 conftest.c >&5
configure:3016: $? = 0
configure:3039: result: o
configure:3043: checking whether we are using the GNU C compiler
configure:3072: gcc -c  -I/usr/include/libxml2 conftest.c >&5
configure:3078: $? = 0
configure:3095: result: yes
configure:3100: checking whether gcc accepts -g
configure:3130: gcc -c -g -I/usr/include/libxml2 conftest.c >&5
configure:3136: $? = 0
configure:3235: result: yes
configure:3252: checking for gcc option to accept ISO C89
configure:3326: gcc  -c -g -O2 -I/usr/include/libxml2 conftest.c >&5
configure:3332: $? = 0
configure:3355: result: none needed
configure:3384: checking for style of include used by make
configure:3412: result: GNU
configure:3437: checking dependency style of gcc
configure:3528: result: none
configure:3544: checking for an ANSI C-conforming const
configure:3619: gcc -c -g -O2 -I/usr/include/libxml2 conftest.c >&5
configure:3625: $? = 0
configure:3640: result: yes
configure:3650: checking for inline
configure:3676: gcc -c -g -O2 -I/usr/include/libxml2 conftest.c >&5
configure:3682: $? = 0
configure:3700: result: inline
configure:3804: checking build system type
configure:3822: result: i686-pc-linux-gnu
configure:3844: checking host system type
configure:3859: result: i686-pc-linux-gnu
configure:3881: checking for a sed that does not truncate output
configure:3937: result: /bin/sed
configure:3940: checking for grep that handles long lines and -e
configure:4014: result: /bin/grep
configure:4019: checking for egrep
configure:4097: result: /bin/grep -E
configure:4113: checking for ld used by gcc
configure:4180: result: /usr/bin/ld
configure:4189: checking if the linker (/usr/bin/ld) is GNU ld
configure:4204: result: yes
configure:4209: checking for /usr/bin/ld option to reload object files
configure:4216: result: -r
configure:4234: checking for BSD-compatible nm
configure:4283: result: /usr/bin/nm -B
configure:4287: checking whether ln -s works
configure:4291: result: yes
configure:4298: checking how to recognize dependent libraries
configure:4484: result: pass_all
configure:5018: checking how to run the C preprocessor
configure:5058: gcc -E -I/usr/include/libxml2 conftest.c
configure:5064: $? = 0
configure:5095: gcc -E -I/usr/include/libxml2 conftest.c
conftest.c:8:28: error: ac_nonexistent.h: No such file or directory
configure:5101: $? = 1
configure: failed program was:
| /* confdefs.h.  */
| #define PACKAGE_NAME "libltdl"
| #define PACKAGE_TARNAME "libltdl"
| #define PACKAGE_VERSION "1.2"
| #define PACKAGE_STRING "libltdl 1.2"
| #define PACKAGE_BUGREPORT "bug-libtool@gnu.org"
| /* end confdefs.h.  */
| #include <ac_nonexistent.h>
configure:5134: result: gcc -E
configure:5163: gcc -E -I/usr/include/libxml2 conftest.c
configure:5169: $? = 0
configure:5200: gcc -E -I/usr/include/libxml2 conftest.c
conftest.c:8:28: error: ac_nonexistent.h: No such file or directory
configure:5206: $? = 1
configure: failed program was:
| /* confdefs.h.  */
| #define PACKAGE_NAME "libltdl"
| #define PACKAGE_TARNAME "libltdl"
| #define PACKAGE_VERSION "1.2"
| #define PACKAGE_STRING "libltdl 1.2"
| #define PACKAGE_BUGREPORT "bug-libtool@gnu.org"
| /* end confdefs.h.  */
| #include <ac_nonexistent.h>
configure:5244: checking for ANSI C header files
configure:5274: gcc -c -g -O2 -I/usr/include/libxml2 conftest.c >&5
configure:5280: $? = 0
configure:5379: gcc -o conftest -g -O2 -I/usr/include/libxml2  conftest.c  >&5
configure:5382: $? = 0
configure:5388: ./conftest
configure:5391: $? = 0
configure:5408: result: yes
configure:5432: checking for sys/types.h
configure:5453: gcc -c -g -O2 -I/usr/include/libxml2 conftest.c >&5
configure:5459: $? = 0
configure:5475: result: yes
configure:5432: checking for sys/stat.h
configure:5453: gcc -c -g -O2 -I/usr/include/libxml2 conftest.c >&5
configure:5459: $? = 0
configure:5475: result: yes
configure:5432: checking for stdlib.h
configure:5453: gcc -c -g -O2 -I/usr/include/libxml2 conftest.c >&5
configure:5459: $? = 0
configure:5475: result: yes
configure:5432: checking for string.h
configure:5453: gcc -c -g -O2 -I/usr/include/libxml2 conftest.c >&5
configure:5459: $? = 0
configure:5475: result: yes
configure:5432: checking for memory.h
configure:5453: gcc -c -g -O2 -I/usr/include/libxml2 conftest.c >&5
configure:5459: $? = 0
configure:5475: result: yes
configure:5432: checking for strings.h
configure:5453: gcc -c -g -O2 -I/usr/include/libxml2 conftest.c >&5
configure:5459: $? = 0
configure:5475: result: yes
configure:5432: checking for inttypes.h
configure:5453: gcc -c -g -O2 -I/usr/include/libxml2 conftest.c >&5
configure:5459: $? = 0
configure:5475: result: yes
configure:5432: checking for stdint.h
configure:5453: gcc -c -g -O2 -I/usr/include/libxml2 conftest.c >&5
configure:5459: $? = 0
configure:5475: result: yes
configure:5432: checking for unistd.h
configure:5453: gcc -c -g -O2 -I/usr/include/libxml2 conftest.c >&5
configure:5459: $? = 0
configure:5475: result: yes
configure:5502: checking dlfcn.h usability
configure:5519: gcc -c -g -O2 -I/usr/include/libxml2 conftest.c >&5
configure:5525: $? = 0
configure:5539: result: yes
configure:5543: checking dlfcn.h presence
configure:5558: gcc -E -I/usr/include/libxml2 conftest.c
configure:5564: $? = 0
configure:5578: result: yes
configure:5611: checking for dlfcn.h
configure:5619: result: yes
configure:5690: checking for g++
configure:5706: found /usr/bin/g++
configure:5717: result: g++
configure:5748: checking for C++ compiler version
configure:5755: g++ --version >&5
g++ (GCC) 4.2.4 (Ubuntu 4.2.4-1ubuntu4)
Copyright (C) 2007 Free Software Foundation, Inc.
This is free software; see the source for copying conditions.  There is NO
warranty; not even for MERCHANTABILITY or FITNESS FOR A PARTICULAR PURPOSE.

configure:5758: $? = 0
configure:5765: g++ -v >&5
Using built-in specs.
Target: i486-linux-gnu
Configured with: ../src/configure -v --enable-languages=c,c++,fortran,objc,obj-c++,treelang --prefix=/usr --enable-shared --with-system-zlib --libexecdir=/usr/lib --without-included-gettext --enable-threads=posix --enable-nls --with-gxx-include-dir=/usr/include/c++/4.2 --program-suffix=-4.2 --enable-clocale=gnu --enable-libstdcxx-debug --enable-objc-gc --enable-mpfr --enable-targets=all --enable-checking=release --build=i486-linux-gnu --host=i486-linux-gnu --target=i486-linux-gnu
Thread model: posix
gcc version 4.2.4 (Ubuntu 4.2.4-1ubuntu4)
configure:5768: $? = 0
configure:5775: g++ -V >&5
g++: '-V' option must have argument
configure:5778: $? = 1
configure:5781: checking whether we are using the GNU C++ compiler
configure:5810: g++ -c  -I/usr/include/libxml2 conftest.cpp >&5
configure:5816: $? = 0
configure:5833: result: yes
configure:5838: checking whether g++ accepts -g
configure:5868: g++ -c -g -I/usr/include/libxml2 conftest.cpp >&5
configure:5874: $? = 0
configure:5973: result: yes
configure:5998: checking dependency style of g++
configure:6089: result: none
configure:6114: checking how to run the C++ preprocessor
configure:6150: g++ -E -I/usr/include/libxml2 conftest.cpp
configure:6156: $? = 0
configure:6187: g++ -E -I/usr/include/libxml2 conftest.cpp
conftest.cpp:19:28: error: ac_nonexistent.h: No such file or directory
configure:6193: $? = 1
configure: failed program was:
| /* confdefs.h.  */
| #define PACKAGE_NAME "libltdl"
| #define PACKAGE_TARNAME "libltdl"
| #define PACKAGE_VERSION "1.2"
| #define PACKAGE_STRING "libltdl 1.2"
| #define PACKAGE_BUGREPORT "bug-libtool@gnu.org"
| #define STDC_HEADERS 1
| #define HAVE_SYS_TYPES_H 1
| #define HAVE_SYS_STAT_H 1
| #define HAVE_STDLIB_H 1
| #define HAVE_STRING_H 1
| #define HAVE_MEMORY_H 1
| #define HAVE_STRINGS_H 1
| #define HAVE_INTTYPES_H 1
| #define HAVE_STDINT_H 1
| #define HAVE_UNISTD_H 1
| #define HAVE_DLFCN_H 1
| /* end confdefs.h.  */
| #include <ac_nonexistent.h>
configure:6226: result: g++ -E
configure:6255: g++ -E -I/usr/include/libxml2 conftest.cpp
configure:6261: $? = 0
configure:6292: g++ -E -I/usr/include/libxml2 conftest.cpp
conftest.cpp:19:28: error: ac_nonexistent.h: No such file or directory
configure:6298: $? = 1
configure: failed program was:
| /* confdefs.h.  */
| #define PACKAGE_NAME "libltdl"
| #define PACKAGE_TARNAME "libltdl"
| #define PACKAGE_VERSION "1.2"
| #define PACKAGE_STRING "libltdl 1.2"
| #define PACKAGE_BUGREPORT "bug-libtool@gnu.org"
| #define STDC_HEADERS 1
| #define HAVE_SYS_TYPES_H 1
| #define HAVE_SYS_STAT_H 1
| #define HAVE_STDLIB_H 1
| #define HAVE_STRING_H 1
| #define HAVE_MEMORY_H 1
| #define HAVE_STRINGS_H 1
| #define HAVE_INTTYPES_H 1
| #define HAVE_STDINT_H 1
| #define HAVE_UNISTD_H 1
| #define HAVE_DLFCN_H 1
| /* end confdefs.h.  */
| #include <ac_nonexistent.h>
configure:6391: checking for g77
configure:6421: result: no
configure:6391: checking for xlf
configure:6421: result: no
configure:6391: checking for f77
configure:6421: result: no
configure:6391: checking for frt
configure:6421: result: no
configure:6391: checking for pgf77
configure:6421: result: no
configure:6391: checking for cf77
configure:6421: result: no
configure:6391: checking for fort77
configure:6421: result: no
configure:6391: checking for fl32
configure:6421: result: no
configure:6391: checking for af77
configure:6421: result: no
configure:6391: checking for xlf90
configure:6421: result: no
configure:6391: checking for f90
configure:6421: result: no
configure:6391: checking for pgf90
configure:6421: result: no
configure:6391: checking for pghpf
configure:6421: result: no
configure:6391: checking for epcf90
configure:6421: result: no
configure:6391: checking for gfortran
configure:6421: result: no
configure:6391: checking for g95
configure:6421: result: no
configure:6391: checking for xlf95
configure:6421: result: no
configure:6391: checking for f95
configure:6421: result: no
configure:6391: checking for fort
configure:6421: result: no
configure:6391: checking for ifort
configure:6421: result: no
configure:6391: checking for ifc
configure:6421: result: no
configure:6391: checking for efc
configure:6421: result: no
configure:6391: checking for pgf95
configure:6421: result: no
configure:6391: checking for lf95
configure:6421: result: no
configure:6391: checking for ftn
configure:6421: result: no
configure:6448: checking for Fortran 77 compiler version
configure:6455:  --version >&5
./configure: line 6456: --version: command not found
configure:6458: $? = 127
configure:6465:  -v >&5
./configure: line 6466: -v: command not found
configure:6468: $? = 127
configure:6475:  -V >&5
./configure: line 6476: -V: command not found
configure:6478: $? = 127
configure:6486: checking whether we are using the GNU Fortran 77 compiler
configure:6505:  -c  conftest.F >&5
./configure: line 6506: -c: command not found
configure:6511: $? = 127
configure: failed program was:
|       program main
| #ifndef __GNUC__
|        choke me
| #endif
| 
|       end
configure:6528: result: no
configure:6534: checking whether  accepts -g
configure:6551:  -c -g conftest.f >&5
./configure: line 6552: -c: command not found
configure:6557: $? = 127
configure: failed program was:
|       program main
| 
|       end
configure:6573: result: no
configure:6602: checking the maximum length of command line arguments
configure:6714: result: 98304
configure:6726: checking command to parse /usr/bin/nm -B output from gcc object
configure:6831: gcc -c -g -O2 -I/usr/include/libxml2 conftest.c >&5
configure:6834: $? = 0
configure:6838: /usr/bin/nm -B conftest.o \| sed -n -e 's/^.*[ 	]\([ABCDGIRSTW][ABCDGIRSTW]*\)[ 	][ 	]*\([_A-Za-z][_A-Za-z0-9]*\)$/\1 \2 \2/p' \> conftest.nm
configure:6841: $? = 0
configure:6893: gcc -o conftest -g -O2 -I/usr/include/libxml2  conftest.c conftstm.o >&5
configure:6896: $? = 0
configure:6934: result: ok
configure:6938: checking for objdir
configure:6953: result: .libs
configure:7045: checking for ar
configure:7061: found /usr/bin/ar
configure:7072: result: ar
configure:7141: checking for ranlib
configure:7157: found /usr/bin/ranlib
configure:7168: result: ranlib
configure:7237: checking for strip
configure:7253: found /usr/bin/strip
configure:7264: result: strip
configure:7866: checking if gcc supports -fno-rtti -fno-exceptions
configure:7884: gcc -c -g -O2 -I/usr/include/libxml2 -fno-rtti -fno-exceptions conftest.c >&5
cc1: warning: command line option "-fno-rtti" is valid for C++/ObjC++ but not for C
configure:7888: $? = 0
configure:7901: result: no
configure:7916: checking for gcc option to produce PIC
configure:8148: result: -fPIC
configure:8156: checking if gcc PIC flag -fPIC works
configure:8174: gcc -c -g -O2 -I/usr/include/libxml2 -fPIC -DPIC conftest.c >&5
configure:8178: $? = 0
configure:8191: result: yes
configure:8219: checking if gcc static flag -static works
configure:8247: result: yes
configure:8257: checking if gcc supports -c -o file.o
configure:8278: gcc -c -g -O2 -I/usr/include/libxml2 -o out/conftest2.o conftest.c >&5
configure:8282: $? = 0
configure:8304: result: yes
configure:8330: checking whether the gcc linker (/usr/bin/ld) supports shared libraries
configure:9311: result: yes
configure:9332: checking whether -lc should be explicitly linked in
configure:9337: gcc -c -g -O2 -I/usr/include/libxml2 conftest.c >&5
configure:9340: $? = 0
configure:9355: gcc -shared conftest.o  -v -Wl,-soname -Wl,conftest -o conftest 2\>\&1 \| grep  -lc  \>/dev/null 2\>\&1
configure:9358: $? = 0
configure:9370: result: no
configure:9378: checking dynamic linker characteristics
configure:9992: result: GNU/Linux ld.so
configure:10016: checking how to hardcode library paths into programs
configure:10041: result: immediate
configure:10055: checking whether stripping libraries is possible
configure:10060: result: yes
configure:10862: checking if libtool supports shared libraries
configure:10864: result: yes
configure:10867: checking whether to build shared libraries
configure:10888: result: yes
configure:10891: checking whether to build static libraries
configure:10895: result: yes
configure:10989: creating libtool
configure:11582: checking for ld used by g++
configure:11649: result: /usr/bin/ld
configure:11658: checking if the linker (/usr/bin/ld) is GNU ld
configure:11673: result: yes
configure:11724: checking whether the g++ linker (/usr/bin/ld) supports shared libraries
configure:12670: result: yes
configure:12691: g++ -c -g -O2 -I/usr/include/libxml2 conftest.cpp >&5
configure:12694: $? = 0
configure:12850: checking for g++ option to produce PIC
configure:13134: result: -fPIC
configure:13142: checking if g++ PIC flag -fPIC works
configure:13160: g++ -c -g -O2 -I/usr/include/libxml2 -fPIC -DPIC conftest.cpp >&5
configure:13164: $? = 0
configure:13177: result: yes
configure:13205: checking if g++ static flag -static works
configure:13233: result: yes
configure:13243: checking if g++ supports -c -o file.o
configure:13264: g++ -c -g -O2 -I/usr/include/libxml2 -o out/conftest2.o conftest.cpp >&5
configure:13268: $? = 0
configure:13290: result: yes
configure:13316: checking whether the g++ linker (/usr/bin/ld) supports shared libraries
configure:13345: result: yes
configure:13412: checking dynamic linker characteristics
configure:13974: result: GNU/Linux ld.so
configure:13998: checking how to hardcode library paths into programs
configure:14023: result: immediate
configure:20284: checking for dirent.h that defines DIR
configure:20313: gcc -c -g -O2 -I/usr/include/libxml2 conftest.c >&5
configure:20319: $? = 0
configure:20335: result: yes
configure:20348: checking for library containing opendir
configure:20389: gcc -o conftest -g -O2 -I/usr/include/libxml2  conftest.c  >&5
configure:20395: $? = 0
configure:20423: result: none required
configure:20541: checking which extension is used for loadable modules
configure:20551: result: .so
configure:20562: checking which variable specifies run-time library path
configure:20569: result: LD_LIBRARY_PATH
configure:20580: checking for the default library search path
configure:20587: result: /lib /usr/lib /lib/i486-linux-gnu /usr/lib/i486-linux-gnu /usr/local/lib 
configure:20605: checking for objdir
configure:20626: result: .libs
configure:20635: checking whether libtool supports -dlopen/-dlpreopen
configure:20647: result: yes
configure:20666: checking for shl_load
configure:20722: gcc -o conftest -g -O2 -I/usr/include/libxml2  conftest.c  >&5
/tmp/ccq2t9dl.o: In function `main':
/home/tiian/lixa/src/extra/libltdl/conftest.c:59: undefined reference to `shl_load'
collect2: ld returned 1 exit status
configure:20728: $? = 1
configure: failed program was:
| /* confdefs.h.  */
| #define PACKAGE_NAME "libltdl"
| #define PACKAGE_TARNAME "libltdl"
| #define PACKAGE_VERSION "1.2"
| #define PACKAGE_STRING "libltdl 1.2"
| #define PACKAGE_BUGREPORT "bug-libtool@gnu.org"
| #define STDC_HEADERS 1
| #define HAVE_SYS_TYPES_H 1
| #define HAVE_SYS_STAT_H 1
| #define HAVE_STDLIB_H 1
| #define HAVE_STRING_H 1
| #define HAVE_MEMORY_H 1
| #define HAVE_STRINGS_H 1
| #define HAVE_INTTYPES_H 1
| #define HAVE_STDINT_H 1
| #define HAVE_UNISTD_H 1
| #define HAVE_DLFCN_H 1
| #define HAVE_DIRENT_H 1
| #define LTDL_SHLIB_EXT ".so"
| #define LTDL_SHLIBPATH_VAR "LD_LIBRARY_PATH"
| #define LTDL_SYSSEARCHPATH "/lib:/usr/lib:/lib/i486-linux-gnu:/usr/lib/i486-linux-gnu:/usr/local/lib"
| #define LTDL_OBJDIR ".libs/"
| #define HAVE_PRELOADED_SYMBOLS 1
| /* end confdefs.h.  */
| /* Define shl_load to an innocuous variant, in case <limits.h> declares shl_load.
|    For example, HP-UX 11i <limits.h> declares gettimeofday.  */
| #define shl_load innocuous_shl_load
| 
| /* System header to define __stub macros and hopefully few prototypes,
|     which can conflict with char shl_load (); below.
|     Prefer <limits.h> to <assert.h> if __STDC__ is defined, since
|     <limits.h> exists even on freestanding compilers.  */
| 
| #ifdef __STDC__
| # include <limits.h>
| #else
| # include <assert.h>
| #endif
| 
| #undef shl_load
| 
| /* Override any GCC internal prototype to avoid an error.
|    Use char because int might match the return type of a GCC
|    builtin and then its argument prototype would still apply.  */
| #ifdef __cplusplus
| extern "C"
| #endif
| char shl_load ();
| /* The GNU C library defines this for functions which it implements
|     to always fail with ENOSYS.  Some functions are actually named
|     something starting with __ and the normal name is an alias.  */
| #if defined __stub_shl_load || defined __stub___shl_load
| choke me
| #endif
| 
| int
| main ()
| {
| return shl_load ();
|   ;
|   return 0;
| }
configure:20745: result: no
configure:20754: checking for shl_load in -ldld
configure:20789: gcc -o conftest -g -O2 -I/usr/include/libxml2  conftest.c -ldld   >&5
/usr/bin/ld: cannot find -ldld
collect2: ld returned 1 exit status
configure:20795: $? = 1
configure: failed program was:
| /* confdefs.h.  */
| #define PACKAGE_NAME "libltdl"
| #define PACKAGE_TARNAME "libltdl"
| #define PACKAGE_VERSION "1.2"
| #define PACKAGE_STRING "libltdl 1.2"
| #define PACKAGE_BUGREPORT "bug-libtool@gnu.org"
| #define STDC_HEADERS 1
| #define HAVE_SYS_TYPES_H 1
| #define HAVE_SYS_STAT_H 1
| #define HAVE_STDLIB_H 1
| #define HAVE_STRING_H 1
| #define HAVE_MEMORY_H 1
| #define HAVE_STRINGS_H 1
| #define HAVE_INTTYPES_H 1
| #define HAVE_STDINT_H 1
| #define HAVE_UNISTD_H 1
| #define HAVE_DLFCN_H 1
| #define HAVE_DIRENT_H 1
| #define LTDL_SHLIB_EXT ".so"
| #define LTDL_SHLIBPATH_VAR "LD_LIBRARY_PATH"
| #define LTDL_SYSSEARCHPATH "/lib:/usr/lib:/lib/i486-linux-gnu:/usr/lib/i486-linux-gnu:/usr/local/lib"
| #define LTDL_OBJDIR ".libs/"
| #define HAVE_PRELOADED_SYMBOLS 1
| /* end confdefs.h.  */
| 
| /* Override any GCC internal prototype to avoid an error.
|    Use char because int might match the return type of a GCC
|    builtin and then its argument prototype would still apply.  */
| #ifdef __cplusplus
| extern "C"
| #endif
| char shl_load ();
| int
| main ()
| {
| return shl_load ();
|   ;
|   return 0;
| }
configure:20813: result: no
configure:20823: checking for dlopen in -ldl
configure:20858: gcc -o conftest -g -O2 -I/usr/include/libxml2  conftest.c -ldl   >&5
configure:20864: $? = 0
configure:20882: result: yes
configure:21193: checking for dlerror
configure:21249: gcc -o conftest -g -O2 -I/usr/include/libxml2  conftest.c  -ldl >&5
configure:21255: $? = 0
configure:21273: result: yes
configure:21293: checking for _ prefix in compiled symbols
configure:21303: gcc -c -g -O2 -I/usr/include/libxml2 conftest.c >&5
configure:21306: $? = 0
configure:21310: /usr/bin/nm -B conftest.o \| sed -n -e 's/^.*[ 	]\([ABCDGIRSTW][ABCDGIRSTW]*\)[ 	][ 	]*\([_A-Za-z][_A-Za-z0-9]*\)$/\1 \2 \2/p' \> conftest.nm
configure:21313: $? = 0
configure:21335: result: no
configure:21455: checking whether deplibs are loaded by dlopen
configure:21539: result: yes
configure:21564: checking argz.h usability
configure:21581: gcc -c -g -O2 -I/usr/include/libxml2 conftest.c >&5
configure:21587: $? = 0
configure:21601: result: yes
configure:21605: checking argz.h presence
configure:21620: gcc -E -I/usr/include/libxml2 conftest.c
configure:21626: $? = 0
configure:21640: result: yes
configure:21673: checking for argz.h
configure:21681: result: yes
configure:21695: checking for error_t
configure:21728: gcc -c -g -O2 -I/usr/include/libxml2 conftest.c >&5
configure:21734: $? = 0
configure:21749: result: yes
configure:21775: checking for argz_append
configure:21831: gcc -o conftest -g -O2 -I/usr/include/libxml2  conftest.c  >&5
configure:21837: $? = 0
configure:21855: result: yes
configure:21775: checking for argz_create_sep
configure:21831: gcc -o conftest -g -O2 -I/usr/include/libxml2  conftest.c  >&5
configure:21837: $? = 0
configure:21855: result: yes
configure:21775: checking for argz_insert
configure:21831: gcc -o conftest -g -O2 -I/usr/include/libxml2  conftest.c  >&5
configure:21837: $? = 0
configure:21855: result: yes
configure:21775: checking for argz_next
configure:21831: gcc -o conftest -g -O2 -I/usr/include/libxml2  conftest.c  >&5
configure:21837: $? = 0
configure:21855: result: yes
configure:21775: checking for argz_stringify
configure:21831: gcc -o conftest -g -O2 -I/usr/include/libxml2  conftest.c  >&5
configure:21837: $? = 0
configure:21855: result: yes
configure:21907: checking assert.h usability
configure:21924: gcc -c -g -O2 -I/usr/include/libxml2 conftest.c >&5
configure:21930: $? = 0
configure:21944: result: yes
configure:21948: checking assert.h presence
configure:21963: gcc -E -I/usr/include/libxml2 conftest.c
configure:21969: $? = 0
configure:21983: result: yes
configure:22016: checking for assert.h
configure:22024: result: yes
configure:21907: checking ctype.h usability
configure:21924: gcc -c -g -O2 -I/usr/include/libxml2 conftest.c >&5
configure:21930: $? = 0
configure:21944: result: yes
configure:21948: checking ctype.h presence
configure:21963: gcc -E -I/usr/include/libxml2 conftest.c
configure:21969: $? = 0
configure:21983: result: yes
configure:22016: checking for ctype.h
configure:22024: result: yes
configure:21907: checking errno.h usability
configure:21924: gcc -c -g -O2 -I/usr/include/libxml2 conftest.c >&5
configure:21930: $? = 0
configure:21944: result: yes
configure:21948: checking errno.h presence
configure:21963: gcc -E -I/usr/include/libxml2 conftest.c
configure:21969: $? = 0
configure:21983: result: yes
configure:22016: checking for errno.h
configure:22024: result: yes
configure:21907: checking malloc.h usability
configure:21924: gcc -c -g -O2 -I/usr/include/libxml2 conftest.c >&5
configure:21930: $? = 0
configure:21944: result: yes
configure:21948: checking malloc.h presence
configure:21963: gcc -E -I/usr/include/libxml2 conftest.c
configure:21969: $? = 0
configure:21983: result: yes
configure:22016: checking for malloc.h
configure:22024: result: yes
configure:21897: checking for memory.h
configure:21903: result: yes
configure:21897: checking for stdlib.h
configure:21903: result: yes
configure:21907: checking stdio.h usability
configure:21924: gcc -c -g -O2 -I/usr/include/libxml2 conftest.c >&5
configure:21930: $? = 0
configure:21944: result: yes
configure:21948: checking stdio.h presence
configure:21963: gcc -E -I/usr/include/libxml2 conftest.c
configure:21969: $? = 0
configure:21983: result: yes
configure:22016: checking for stdio.h
configure:22024: result: yes
configure:21897: checking for unistd.h
configure:21903: result: yes
configure:22055: checking dl.h usability
configure:22072: gcc -c -g -O2 -I/usr/include/libxml2 conftest.c >&5
conftest.c:75:16: error: dl.h: No such file or directory
configure:22078: $? = 1
configure: failed program was:
| /* confdefs.h.  */
| #define PACKAGE_NAME "libltdl"
| #define PACKAGE_TARNAME "libltdl"
| #define PACKAGE_VERSION "1.2"
| #define PACKAGE_STRING "libltdl 1.2"
| #define PACKAGE_BUGREPORT "bug-libtool@gnu.org"
| #define STDC_HEADERS 1
| #define HAVE_SYS_TYPES_H 1
| #define HAVE_SYS_STAT_H 1
| #define HAVE_STDLIB_H 1
| #define HAVE_STRING_H 1
| #define HAVE_MEMORY_H 1
| #define HAVE_STRINGS_H 1
| #define HAVE_INTTYPES_H 1
| #define HAVE_STDINT_H 1
| #define HAVE_UNISTD_H 1
| #define HAVE_DLFCN_H 1
| #define HAVE_DIRENT_H 1
| #define LTDL_SHLIB_EXT ".so"
| #define LTDL_SHLIBPATH_VAR "LD_LIBRARY_PATH"
| #define LTDL_SYSSEARCHPATH "/lib:/usr/lib:/lib/i486-linux-gnu:/usr/lib/i486-linux-gnu:/usr/local/lib"
| #define LTDL_OBJDIR ".libs/"
| #define HAVE_PRELOADED_SYMBOLS 1
| #define HAVE_LIBDL 1
| #define HAVE_DLERROR 1
| #define HAVE_ARGZ_H 1
| #define HAVE_ERROR_T 1
| #define HAVE_ARGZ_APPEND 1
| #define HAVE_ARGZ_CREATE_SEP 1
| #define HAVE_ARGZ_INSERT 1
| #define HAVE_ARGZ_NEXT 1
| #define HAVE_ARGZ_STRINGIFY 1
| #define HAVE_ASSERT_H 1
| #define HAVE_CTYPE_H 1
| #define HAVE_ERRNO_H 1
| #define HAVE_MALLOC_H 1
| #define HAVE_MEMORY_H 1
| #define HAVE_STDLIB_H 1
| #define HAVE_STDIO_H 1
| #define HAVE_UNISTD_H 1
| /* end confdefs.h.  */
| #include <stdio.h>
| #ifdef HAVE_SYS_TYPES_H
| # include <sys/types.h>
| #endif
| #ifdef HAVE_SYS_STAT_H
| # include <sys/stat.h>
| #endif
| #ifdef STDC_HEADERS
| # include <stdlib.h>
| # include <stddef.h>
| #else
| # ifdef HAVE_STDLIB_H
| #  include <stdlib.h>
| # endif
| #endif
| #ifdef HAVE_STRING_H
| # if !defined STDC_HEADERS && defined HAVE_MEMORY_H
| #  include <memory.h>
| # endif
| # include <string.h>
| #endif
| #ifdef HAVE_STRINGS_H
| # include <strings.h>
| #endif
| #ifdef HAVE_INTTYPES_H
| # include <inttypes.h>
| #endif
| #ifdef HAVE_STDINT_H
| # include <stdint.h>
| #endif
| #ifdef HAVE_UNISTD_H
| # include <unistd.h>
| #endif
| #include <dl.h>
configure:22092: result: no
configure:22096: checking dl.h presence
configure:22111: gcc -E -I/usr/include/libxml2 conftest.c
conftest.c:42:16: error: dl.h: No such file or directory
configure:22117: $? = 1
configure: failed program was:
| /* confdefs.h.  */
| #define PACKAGE_NAME "libltdl"
| #define PACKAGE_TARNAME "libltdl"
| #define PACKAGE_VERSION "1.2"
| #define PACKAGE_STRING "libltdl 1.2"
| #define PACKAGE_BUGREPORT "bug-libtool@gnu.org"
| #define STDC_HEADERS 1
| #define HAVE_SYS_TYPES_H 1
| #define HAVE_SYS_STAT_H 1
| #define HAVE_STDLIB_H 1
| #define HAVE_STRING_H 1
| #define HAVE_MEMORY_H 1
| #define HAVE_STRINGS_H 1
| #define HAVE_INTTYPES_H 1
| #define HAVE_STDINT_H 1
| #define HAVE_UNISTD_H 1
| #define HAVE_DLFCN_H 1
| #define HAVE_DIRENT_H 1
| #define LTDL_SHLIB_EXT ".so"
| #define LTDL_SHLIBPATH_VAR "LD_LIBRARY_PATH"
| #define LTDL_SYSSEARCHPATH "/lib:/usr/lib:/lib/i486-linux-gnu:/usr/lib/i486-linux-gnu:/usr/local/lib"
| #define LTDL_OBJDIR ".libs/"
| #define HAVE_PRELOADED_SYMBOLS 1
| #define HAVE_LIBDL 1
| #define HAVE_DLERROR 1
| #define HAVE_ARGZ_H 1
| #define HAVE_ERROR_T 1
| #define HAVE_ARGZ_APPEND 1
| #define HAVE_ARGZ_CREATE_SEP 1
| #define HAVE_ARGZ_INSERT 1
| #define HAVE_ARGZ_NEXT 1
| #define HAVE_ARGZ_STRINGIFY 1
| #define HAVE_ASSERT_H 1
| #define HAVE_CTYPE_H 1
| #define HAVE_ERRNO_H 1
| #define HAVE_MALLOC_H 1
| #define HAVE_MEMORY_H 1
| #define HAVE_STDLIB_H 1
| #define HAVE_STDIO_H 1
| #define HAVE_UNISTD_H 1
| /* end confdefs.h.  */
| #include <dl.h>
configure:22131: result: no
configure:22164: checking for dl.h
configure:22172: result: no
configure:22055: checking sys/dl.h usability
configure:22072: gcc -c -g -O2 -I/usr/include/libxml2 conftest.c >&5
conftest.c:75:20: error: sys/dl.h: No such file or directory
configure:22078: $? = 1
configure: failed program was:
| /* confdefs.h.  */
| #define PACKAGE_NAME "libltdl"
| #define PACKAGE_TARNAME "libltdl"
| #define PACKAGE_VERSION "1.2"
| #define PACKAGE_STRING "libltdl 1.2"
| #define PACKAGE_BUGREPORT "bug-libtool@gnu.org"
| #define STDC_HEADERS 1
| #define HAVE_SYS_TYPES_H 1
| #define HAVE_SYS_STAT_H 1
| #define HAVE_STDLIB_H 1
| #define HAVE_STRING_H 1
| #define HAVE_MEMORY_H 1
| #define HAVE_STRINGS_H 1
| #define HAVE_INTTYPES_H 1
| #define HAVE_STDINT_H 1
| #define HAVE_UNISTD_H 1
| #define HAVE_DLFCN_H 1
| #define HAVE_DIRENT_H 1
| #define LTDL_SHLIB_EXT ".so"
| #define LTDL_SHLIBPATH_VAR "LD_LIBRARY_PATH"
| #define LTDL_SYSSEARCHPATH "/lib:/usr/lib:/lib/i486-linux-gnu:/usr/lib/i486-linux-gnu:/usr/local/lib"
| #define LTDL_OBJDIR ".libs/"
| #define HAVE_PRELOADED_SYMBOLS 1
| #define HAVE_LIBDL 1
| #define HAVE_DLERROR 1
| #define HAVE_ARGZ_H 1
| #define HAVE_ERROR_T 1
| #define HAVE_ARGZ_APPEND 1
| #define HAVE_ARGZ_CREATE_SEP 1
| #define HAVE_ARGZ_INSERT 1
| #define HAVE_ARGZ_NEXT 1
| #define HAVE_ARGZ_STRINGIFY 1
| #define HAVE_ASSERT_H 1
| #define HAVE_CTYPE_H 1
| #define HAVE_ERRNO_H 1
| #define HAVE_MALLOC_H 1
| #define HAVE_MEMORY_H 1
| #define HAVE_STDLIB_H 1
| #define HAVE_STDIO_H 1
| #define HAVE_UNISTD_H 1
| /* end confdefs.h.  */
| #include <stdio.h>
| #ifdef HAVE_SYS_TYPES_H
| # include <sys/types.h>
| #endif
| #ifdef HAVE_SYS_STAT_H
| # include <sys/stat.h>
| #endif
| #ifdef STDC_HEADERS
| # include <stdlib.h>
| # include <stddef.h>
| #else
| # ifdef HAVE_STDLIB_H
| #  include <stdlib.h>
| # endif
| #endif
| #ifdef HAVE_STRING_H
| # if !defined STDC_HEADERS && defined HAVE_MEMORY_H
| #  include <memory.h>
| # endif
| # include <string.h>
| #endif
| #ifdef HAVE_STRINGS_H
| # include <strings.h>
| #endif
| #ifdef HAVE_INTTYPES_H
| # include <inttypes.h>
| #endif
| #ifdef HAVE_STDINT_H
| # include <stdint.h>
| #endif
| #ifdef HAVE_UNISTD_H
| # include <unistd.h>
| #endif
| #include <sys/dl.h>
configure:22092: result: no
configure:22096: checking sys/dl.h presence
configure:22111: gcc -E -I/usr/include/libxml2 conftest.c
conftest.c:42:20: error: sys/dl.h: No such file or directory
configure:22117: $? = 1
configure: failed program was:
| /* confdefs.h.  */
| #define PACKAGE_NAME "libltdl"
| #define PACKAGE_TARNAME "libltdl"
| #define PACKAGE_VERSION "1.2"
| #define PACKAGE_STRING "libltdl 1.2"
| #define PACKAGE_BUGREPORT "bug-libtool@gnu.org"
| #define STDC_HEADERS 1
| #define HAVE_SYS_TYPES_H 1
| #define HAVE_SYS_STAT_H 1
| #define HAVE_STDLIB_H 1
| #define HAVE_STRING_H 1
| #define HAVE_MEMORY_H 1
| #define HAVE_STRINGS_H 1
| #define HAVE_INTTYPES_H 1
| #define HAVE_STDINT_H 1
| #define HAVE_UNISTD_H 1
| #define HAVE_DLFCN_H 1
| #define HAVE_DIRENT_H 1
| #define LTDL_SHLIB_EXT ".so"
| #define LTDL_SHLIBPATH_VAR "LD_LIBRARY_PATH"
| #define LTDL_SYSSEARCHPATH "/lib:/usr/lib:/lib/i486-linux-gnu:/usr/lib/i486-linux-gnu:/usr/local/lib"
| #define LTDL_OBJDIR ".libs/"
| #define HAVE_PRELOADED_SYMBOLS 1
| #define HAVE_LIBDL 1
| #define HAVE_DLERROR 1
| #define HAVE_ARGZ_H 1
| #define HAVE_ERROR_T 1
| #define HAVE_ARGZ_APPEND 1
| #define HAVE_ARGZ_CREATE_SEP 1
| #define HAVE_ARGZ_INSERT 1
| #define HAVE_ARGZ_NEXT 1
| #define HAVE_ARGZ_STRINGIFY 1
| #define HAVE_ASSERT_H 1
| #define HAVE_CTYPE_H 1
| #define HAVE_ERRNO_H 1
| #define HAVE_MALLOC_H 1
| #define HAVE_MEMORY_H 1
| #define HAVE_STDLIB_H 1
| #define HAVE_STDIO_H 1
| #define HAVE_UNISTD_H 1
| /* end confdefs.h.  */
| #include <sys/dl.h>
configure:22131: result: no
configure:22164: checking for sys/dl.h
configure:22172: result: no
configure:22055: checking dld.h usability
configure:22072: gcc -c -g -O2 -I/usr/include/libxml2 conftest.c >&5
conftest.c:75:17: error: dld.h: No such file or directory
configure:22078: $? = 1
configure: failed program was:
| /* confdefs.h.  */
| #define PACKAGE_NAME "libltdl"
| #define PACKAGE_TARNAME "libltdl"
| #define PACKAGE_VERSION "1.2"
| #define PACKAGE_STRING "libltdl 1.2"
| #define PACKAGE_BUGREPORT "bug-libtool@gnu.org"
| #define STDC_HEADERS 1
| #define HAVE_SYS_TYPES_H 1
| #define HAVE_SYS_STAT_H 1
| #define HAVE_STDLIB_H 1
| #define HAVE_STRING_H 1
| #define HAVE_MEMORY_H 1
| #define HAVE_STRINGS_H 1
| #define HAVE_INTTYPES_H 1
| #define HAVE_STDINT_H 1
| #define HAVE_UNISTD_H 1
| #define HAVE_DLFCN_H 1
| #define HAVE_DIRENT_H 1
| #define LTDL_SHLIB_EXT ".so"
| #define LTDL_SHLIBPATH_VAR "LD_LIBRARY_PATH"
| #define LTDL_SYSSEARCHPATH "/lib:/usr/lib:/lib/i486-linux-gnu:/usr/lib/i486-linux-gnu:/usr/local/lib"
| #define LTDL_OBJDIR ".libs/"
| #define HAVE_PRELOADED_SYMBOLS 1
| #define HAVE_LIBDL 1
| #define HAVE_DLERROR 1
| #define HAVE_ARGZ_H 1
| #define HAVE_ERROR_T 1
| #define HAVE_ARGZ_APPEND 1
| #define HAVE_ARGZ_CREATE_SEP 1
| #define HAVE_ARGZ_INSERT 1
| #define HAVE_ARGZ_NEXT 1
| #define HAVE_ARGZ_STRINGIFY 1
| #define HAVE_ASSERT_H 1
| #define HAVE_CTYPE_H 1
| #define HAVE_ERRNO_H 1
| #define HAVE_MALLOC_H 1
| #define HAVE_MEMORY_H 1
| #define HAVE_STDLIB_H 1
| #define HAVE_STDIO_H 1
| #define HAVE_UNISTD_H 1
| /* end confdefs.h.  */
| #include <stdio.h>
| #ifdef HAVE_SYS_TYPES_H
| # include <sys/types.h>
| #endif
| #ifdef HAVE_SYS_STAT_H
| # include <sys/stat.h>
| #endif
| #ifdef STDC_HEADERS
| # include <stdlib.h>
| # include <stddef.h>
| #else
| # ifdef HAVE_STDLIB_H
| #  include <stdlib.h>
| # endif
| #endif
| #ifdef HAVE_STRING_H
| # if !defined STDC_HEADERS && defined HAVE_MEMORY_H
| #  include <memory.h>
| # endif
| # include <string.h>
| #endif
| #ifdef HAVE_STRINGS_H
| # include <strings.h>
| #endif
| #ifdef HAVE_INTTYPES_H
| # include <inttypes.h>
| #endif
| #ifdef HAVE_STDINT_H
| # include <stdint.h>
| #endif
| #ifdef HAVE_UNISTD_H
| # include <unistd.h>
| #endif
| #include <dld.h>
configure:22092: result: no
configure:22096: checking dld.h presence
configure:22111: gcc -E -I/usr/include/libxml2 conftest.c
conftest.c:42:17: error: dld.h: No such file or directory
configure:22117: $? = 1
configure: failed program was:
| /* confdefs.h.  */
| #define PACKAGE_NAME "libltdl"
| #define PACKAGE_TARNAME "libltdl"
| #define PACKAGE_VERSION "1.2"
| #define PACKAGE_STRING "libltdl 1.2"
| #define PACKAGE_BUGREPORT "bug-libtool@gnu.org"
| #define STDC_HEADERS 1
| #define HAVE_SYS_TYPES_H 1
| #define HAVE_SYS_STAT_H 1
| #define HAVE_STDLIB_H 1
| #define HAVE_STRING_H 1
| #define HAVE_MEMORY_H 1
| #define HAVE_STRINGS_H 1
| #define HAVE_INTTYPES_H 1
| #define HAVE_STDINT_H 1
| #define HAVE_UNISTD_H 1
| #define HAVE_DLFCN_H 1
| #define HAVE_DIRENT_H 1
| #define LTDL_SHLIB_EXT ".so"
| #define LTDL_SHLIBPATH_VAR "LD_LIBRARY_PATH"
| #define LTDL_SYSSEARCHPATH "/lib:/usr/lib:/lib/i486-linux-gnu:/usr/lib/i486-linux-gnu:/usr/local/lib"
| #define LTDL_OBJDIR ".libs/"
| #define HAVE_PRELOADED_SYMBOLS 1
| #define HAVE_LIBDL 1
| #define HAVE_DLERROR 1
| #define HAVE_ARGZ_H 1
| #define HAVE_ERROR_T 1
| #define HAVE_ARGZ_APPEND 1
| #define HAVE_ARGZ_CREATE_SEP 1
| #define HAVE_ARGZ_INSERT 1
| #define HAVE_ARGZ_NEXT 1
| #define HAVE_ARGZ_STRINGIFY 1
| #define HAVE_ASSERT_H 1
| #define HAVE_CTYPE_H 1
| #define HAVE_ERRNO_H 1
| #define HAVE_MALLOC_H 1
| #define HAVE_MEMORY_H 1
| #define HAVE_STDLIB_H 1
| #define HAVE_STDIO_H 1
| #define HAVE_UNISTD_H 1
| /* end confdefs.h.  */
| #include <dld.h>
configure:22131: result: no
configure:22164: checking for dld.h
configure:22172: result: no
configure:22055: checking mach-o/dyld.h usability
configure:22072: gcc -c -g -O2 -I/usr/include/libxml2 conftest.c >&5
conftest.c:75:25: error: mach-o/dyld.h: No such file or directory
configure:22078: $? = 1
configure: failed program was:
| /* confdefs.h.  */
| #define PACKAGE_NAME "libltdl"
| #define PACKAGE_TARNAME "libltdl"
| #define PACKAGE_VERSION "1.2"
| #define PACKAGE_STRING "libltdl 1.2"
| #define PACKAGE_BUGREPORT "bug-libtool@gnu.org"
| #define STDC_HEADERS 1
| #define HAVE_SYS_TYPES_H 1
| #define HAVE_SYS_STAT_H 1
| #define HAVE_STDLIB_H 1
| #define HAVE_STRING_H 1
| #define HAVE_MEMORY_H 1
| #define HAVE_STRINGS_H 1
| #define HAVE_INTTYPES_H 1
| #define HAVE_STDINT_H 1
| #define HAVE_UNISTD_H 1
| #define HAVE_DLFCN_H 1
| #define HAVE_DIRENT_H 1
| #define LTDL_SHLIB_EXT ".so"
| #define LTDL_SHLIBPATH_VAR "LD_LIBRARY_PATH"
| #define LTDL_SYSSEARCHPATH "/lib:/usr/lib:/lib/i486-linux-gnu:/usr/lib/i486-linux-gnu:/usr/local/lib"
| #define LTDL_OBJDIR ".libs/"
| #define HAVE_PRELOADED_SYMBOLS 1
| #define HAVE_LIBDL 1
| #define HAVE_DLERROR 1
| #define HAVE_ARGZ_H 1
| #define HAVE_ERROR_T 1
| #define HAVE_ARGZ_APPEND 1
| #define HAVE_ARGZ_CREATE_SEP 1
| #define HAVE_ARGZ_INSERT 1
| #define HAVE_ARGZ_NEXT 1
| #define HAVE_ARGZ_STRINGIFY 1
| #define HAVE_ASSERT_H 1
| #define HAVE_CTYPE_H 1
| #define HAVE_ERRNO_H 1
| #define HAVE_MALLOC_H 1
| #define HAVE_MEMORY_H 1
| #define HAVE_STDLIB_H 1
| #define HAVE_STDIO_H 1
| #define HAVE_UNISTD_H 1
| /* end confdefs.h.  */
| #include <stdio.h>
| #ifdef HAVE_SYS_TYPES_H
| # include <sys/types.h>
| #endif
| #ifdef HAVE_SYS_STAT_H
| # include <sys/stat.h>
| #endif
| #ifdef STDC_HEADERS
| # include <stdlib.h>
| # include <stddef.h>
| #else
| # ifdef HAVE_STDLIB_H
| #  include <stdlib.h>
| # endif
| #endif
| #ifdef HAVE_STRING_H
| # if !defined STDC_HEADERS && defined HAVE_MEMORY_H
| #  include <memory.h>
| # endif
| # include <string.h>
| #endif
| #ifdef HAVE_STRINGS_H
| # include <strings.h>
| #endif
| #ifdef HAVE_INTTYPES_H
| # include <inttypes.h>
| #endif
| #ifdef HAVE_STDINT_H
| # include <stdint.h>
| #endif
| #ifdef HAVE_UNISTD_H
| # include <unistd.h>
| #endif
| #include <mach-o/dyld.h>
configure:22092: result: no
configure:22096: checking mach-o/dyld.h presence
configure:22111: gcc -E -I/usr/include/libxml2 conftest.c
conftest.c:42:25: error: mach-o/dyld.h: No such file or directory
configure:22117: $? = 1
configure: failed program was:
| /* confdefs.h.  */
| #define PACKAGE_NAME "libltdl"
| #define PACKAGE_TARNAME "libltdl"
| #define PACKAGE_VERSION "1.2"
| #define PACKAGE_STRING "libltdl 1.2"
| #define PACKAGE_BUGREPORT "bug-libtool@gnu.org"
| #define STDC_HEADERS 1
| #define HAVE_SYS_TYPES_H 1
| #define HAVE_SYS_STAT_H 1
| #define HAVE_STDLIB_H 1
| #define HAVE_STRING_H 1
| #define HAVE_MEMORY_H 1
| #define HAVE_STRINGS_H 1
| #define HAVE_INTTYPES_H 1
| #define HAVE_STDINT_H 1
| #define HAVE_UNISTD_H 1
| #define HAVE_DLFCN_H 1
| #define HAVE_DIRENT_H 1
| #define LTDL_SHLIB_EXT ".so"
| #define LTDL_SHLIBPATH_VAR "LD_LIBRARY_PATH"
| #define LTDL_SYSSEARCHPATH "/lib:/usr/lib:/lib/i486-linux-gnu:/usr/lib/i486-linux-gnu:/usr/local/lib"
| #define LTDL_OBJDIR ".libs/"
| #define HAVE_PRELOADED_SYMBOLS 1
| #define HAVE_LIBDL 1
| #define HAVE_DLERROR 1
| #define HAVE_ARGZ_H 1
| #define HAVE_ERROR_T 1
| #define HAVE_ARGZ_APPEND 1
| #define HAVE_ARGZ_CREATE_SEP 1
| #define HAVE_ARGZ_INSERT 1
| #define HAVE_ARGZ_NEXT 1
| #define HAVE_ARGZ_STRINGIFY 1
| #define HAVE_ASSERT_H 1
| #define HAVE_CTYPE_H 1
| #define HAVE_ERRNO_H 1
| #define HAVE_MALLOC_H 1
| #define HAVE_MEMORY_H 1
| #define HAVE_STDLIB_H 1
| #define HAVE_STDIO_H 1
| #define HAVE_UNISTD_H 1
| /* end confdefs.h.  */
| #include <mach-o/dyld.h>
configure:22131: result: no
configure:22164: checking for mach-o/dyld.h
configure:22172: result: no
configure:22191: checking for string.h
configure:22197: result: yes
configure:22337: checking for strchr
configure:22393: gcc -o conftest -g -O2 -I/usr/include/libxml2  conftest.c  >&5
conftest.c:66: warning: conflicting types for built-in function 'strchr'
configure:22399: $? = 0
configure:22417: result: yes
configure:22432: checking for strrchr
configure:22488: gcc -o conftest -g -O2 -I/usr/include/libxml2  conftest.c  >&5
conftest.c:67: warning: conflicting types for built-in function 'strrchr'
configure:22494: $? = 0
configure:22512: result: yes
configure:22527: checking for memcpy
configure:22583: gcc -o conftest -g -O2 -I/usr/include/libxml2  conftest.c  >&5
conftest.c:68: warning: conflicting types for built-in function 'memcpy'
configure:22589: $? = 0
configure:22607: result: yes
configure:22622: checking for memmove
configure:22678: gcc -o conftest -g -O2 -I/usr/include/libxml2  conftest.c  >&5
conftest.c:69: warning: conflicting types for built-in function 'memmove'
configure:22684: $? = 0
configure:22702: result: yes
configure:22622: checking for strcmp
configure:22678: gcc -o conftest -g -O2 -I/usr/include/libxml2  conftest.c  >&5
conftest.c:70: warning: conflicting types for built-in function 'strcmp'
configure:22684: $? = 0
configure:22702: result: yes
configure:22718: checking for closedir
configure:22774: gcc -o conftest -g -O2 -I/usr/include/libxml2  conftest.c  >&5
configure:22780: $? = 0
configure:22798: result: yes
configure:22718: checking for opendir
configure:22774: gcc -o conftest -g -O2 -I/usr/include/libxml2  conftest.c  >&5
configure:22780: $? = 0
configure:22798: result: yes
configure:22718: checking for readdir
configure:22774: gcc -o conftest -g -O2 -I/usr/include/libxml2  conftest.c  >&5
configure:22780: $? = 0
configure:22798: result: yes
configure:22951: creating ./config.status

## ---------------------- ##
## Running config.status. ##
## ---------------------- ##

This file was extended by libltdl config.status 1.2, which was
generated by GNU Autoconf 2.61.  Invocation command line was

  CONFIG_FILES    = 
  CONFIG_HEADERS  = 
  CONFIG_LINKS    = 
  CONFIG_COMMANDS = 
  $ ./config.status 

on ubuntu

config.status:673: creating Makefile
config.status:673: creating config.h
config.status:938: config.h is unchanged
config.status:984: executing depfiles commands

## ---------------- ##
## Cache variables. ##
## ---------------- ##

ac_cv_build=i686-pc-linux-gnu
ac_cv_c_compiler_gnu=yes
ac_cv_c_const=yes
ac_cv_c_inline=inline
ac_cv_cxx_compiler_gnu=yes
ac_cv_env_CCC_set=
ac_cv_env_CCC_value=
ac_cv_env_CC_set=
ac_cv_env_CC_value=
ac_cv_env_CFLAGS_set=
ac_cv_env_CFLAGS_value=
ac_cv_env_CPPFLAGS_set=set
ac_cv_env_CPPFLAGS_value=-I/usr/include/libxml2
ac_cv_env_CPP_set=
ac_cv_env_CPP_value=
ac_cv_env_CXXCPP_set=
ac_cv_env_CXXCPP_value=
ac_cv_env_CXXFLAGS_set=
ac_cv_env_CXXFLAGS_value=
ac_cv_env_CXX_set=
ac_cv_env_CXX_value=
ac_cv_env_F77_set=
ac_cv_env_F77_value=
ac_cv_env_FFLAGS_set=
ac_cv_env_FFLAGS_value=
ac_cv_env_LDFLAGS_set=
ac_cv_env_LDFLAGS_value=
ac_cv_env_LIBS_set=
ac_cv_env_LIBS_value=
ac_cv_env_build_alias_set=
ac_cv_env_build_alias_value=
ac_cv_env_host_alias_set=
ac_cv_env_host_alias_value=
ac_cv_env_target_alias_set=
ac_cv_env_target_alias_value=
ac_cv_f77_compiler_gnu=no
ac_cv_func_argz_append=yes
ac_cv_func_argz_create_sep=yes
ac_cv_func_argz_insert=yes
ac_cv_func_argz_next=yes
ac_cv_func_argz_stringify=yes
ac_cv_func_closedir=yes
ac_cv_func_dlerror=yes
ac_cv_func_memcpy=yes
ac_cv_func_memmove=yes
ac_cv_func_opendir=yes
ac_cv_func_readdir=yes
ac_cv_func_shl_load=no
ac_cv_func_strchr=yes
ac_cv_func_strcmp=yes
ac_cv_func_strrchr=yes
ac_cv_header_argz_h=yes
ac_cv_header_assert_h=yes
ac_cv_header_ctype_h=yes
ac_cv_header_dirent_dirent_h=yes
ac_cv_header_dl_h=no
ac_cv_header_dld_h=no
ac_cv_header_dlfcn_h=yes
ac_cv_header_errno_h=yes
ac_cv_header_inttypes_h=yes
ac_cv_header_mach_o_dyld_h=no
ac_cv_header_malloc_h=yes
ac_cv_header_memory_h=yes
ac_cv_header_stdc=yes
ac_cv_header_stdint_h=yes
ac_cv_header_stdio_h=yes
ac_cv_header_stdlib_h=yes
ac_cv_header_string_h=yes
ac_cv_header_strings_h=yes
ac_cv_header_sys_dl_h=no
ac_cv_header_sys_stat_h=yes
ac_cv_header_sys_types_h=yes
ac_cv_header_unistd_h=yes
ac_cv_host=i686-pc-linux-gnu
ac_cv_lib_dl_dlopen=yes
ac_cv_lib_dld_shl_load=no
ac_cv_objext=o
ac_cv_path_EGREP='/bin/grep -E'
ac_cv_path_GREP=/bin/grep
ac_cv_path_install='/usr/bin/install -c'
ac_cv_path_mkdir=/bin/mkdir
ac_cv_prog_AWK=mawk
ac_cv_prog_CPP='gcc -E'
ac_cv_prog_CXXCPP='g++ -E'
ac_cv_prog_ac_ct_AR=ar
ac_cv_prog_ac_ct_CC=gcc
ac_cv_prog_ac_ct_CXX=g++
ac_cv_prog_ac_ct_RANLIB=ranlib
ac_cv_prog_ac_ct_STRIP=strip
ac_cv_prog_cc_c89=
ac_cv_prog_cc_g=yes
ac_cv_prog_cxx_g=yes
ac_cv_prog_f77_g=no
ac_cv_prog_make_make_set=yes
ac_cv_search_opendir='none required'
ac_cv_sys_symbol_underscore=no
ac_cv_type_error_t=yes
am_cv_CC_dependencies_compiler_type=none
am_cv_CXX_dependencies_compiler_type=none
libltdl_cv_lib_dl_dlopen=yes
libltdl_cv_objdir=.libs
libltdl_cv_preloaded_symbols=yes
libltdl_cv_shlibext=.so
libltdl_cv_shlibpath_var=LD_LIBRARY_PATH
libltdl_cv_sys_dlopen_deplibs=yes
libltdl_cv_sys_search_path='/lib /usr/lib /lib/i486-linux-gnu /usr/lib/i486-linux-gnu /usr/local/lib '
lt_cv_deplibs_check_method=pass_all
lt_cv_file_magic_cmd='$MAGIC_CMD'
lt_cv_file_magic_test_file=
lt_cv_ld_reload_flag=-r
lt_cv_objdir=.libs
lt_cv_path_LD=/usr/bin/ld
lt_cv_path_LDCXX=/usr/bin/ld
lt_cv_path_NM='/usr/bin/nm -B'
lt_cv_path_SED=/bin/sed
lt_cv_prog_compiler_c_o=yes
lt_cv_prog_compiler_c_o_CXX=yes
lt_cv_prog_compiler_pic_works=yes
lt_cv_prog_compiler_pic_works_CXX=yes
lt_cv_prog_compiler_rtti_exceptions=no
lt_cv_prog_compiler_static_works=yes
lt_cv_prog_compiler_static_works_CXX=yes
lt_cv_prog_gnu_ld=yes
lt_cv_prog_gnu_ldcxx=yes
lt_cv_sys_global_symbol_pipe='sed -n -e '\''s/^.*[ 	]\([ABCDGIRSTW][ABCDGIRSTW]*\)[ 	][ 	]*\([_A-Za-z][_A-Za-z0-9]*\)$/\1 \2 \2/p'\'''
lt_cv_sys_global_symbol_to_c_name_address='sed -n -e '\''s/^: \([^ ]*\) $/  {\"\1\", (lt_ptr) 0},/p'\'' -e '\''s/^[BCDEGRST] \([^ ]*\) \([^ ]*\)$/  {"\2", (lt_ptr) \&\2},/p'\'''
lt_cv_sys_global_symbol_to_cdecl='sed -n -e '\''s/^. .* \(.*\)$/extern int \1;/p'\'''
lt_cv_sys_lib_dlsearch_path_spec='/lib /usr/lib /lib/i486-linux-gnu /usr/lib/i486-linux-gnu /usr/local/lib '
lt_cv_sys_lib_search_path_spec='/usr/lib/gcc/i486-linux-gnu/4.2.4 /usr/lib /lib'
lt_cv_sys_max_cmd_len=98304
lt_lt_cv_prog_compiler_c_o='"yes"'
lt_lt_cv_prog_compiler_c_o_CXX='"yes"'
lt_lt_cv_sys_global_symbol_pipe='"sed -n -e '\''s/^.*[ 	]\\([ABCDGIRSTW][ABCDGIRSTW]*\\)[ 	][ 	]*\\([_A-Za-z][_A-Za-z0-9]*\\)\$/\\1 \\2 \\2/p'\''"'
lt_lt_cv_sys_global_symbol_to_c_name_address='"sed -n -e '\''s/^: \\([^ ]*\\) \$/  {\\\"\\1\\\", (lt_ptr) 0},/p'\'' -e '\''s/^[BCDEGRST] \\([^ ]*\\) \\([^ ]*\\)\$/  {\"\\2\", (lt_ptr) \\&\\2},/p'\''"'
lt_lt_cv_sys_global_symbol_to_cdecl='"sed -n -e '\''s/^. .* \\(.*\\)\$/extern int \\1;/p'\''"'

## ----------------- ##
## Output variables. ##
## ----------------- ##

ACLOCAL='${SHELL} /home/tiian/lixa/src/extra/libltdl/missing --run aclocal-1.10'
AMDEPBACKSLASH='\'
AMDEP_FALSE='#'
AMDEP_TRUE=''
AMTAR='${SHELL} /home/tiian/lixa/src/extra/libltdl/missing --run tar'
AR='ar'
AS='as'
AUTOCONF='${SHELL} /home/tiian/lixa/src/extra/libltdl/missing --run autoconf'
AUTOHEADER='${SHELL} /home/tiian/lixa/src/extra/libltdl/missing --run autoheader'
AUTOMAKE='${SHELL} /home/tiian/lixa/src/extra/libltdl/missing --run automake-1.10'
AWK='mawk'
CC='gcc'
CCDEPMODE='depmode=none'
CFLAGS='-g -O2'
CONVENIENCE_LTDL_FALSE=''
CONVENIENCE_LTDL_TRUE='#'
CPP='gcc -E'
CPPFLAGS='-I/usr/include/libxml2'
CXX='g++'
CXXCPP='g++ -E'
CXXDEPMODE='depmode=none'
CXXFLAGS='-g -O2'
CYGPATH_W='echo'
DEFS='-DHAVE_CONFIG_H'
DEPDIR='.deps'
DLLTOOL='dlltool'
DSYMUTIL=''
ECHO='echo'
ECHO_C=''
ECHO_N='-n'
ECHO_T=''
EGREP='/bin/grep -E'
EXEEXT=''
F77=''
FFLAGS=''
GREP='/bin/grep'
INSTALL_DATA='${INSTALL} -m 644'
INSTALL_LTDL_FALSE=''
INSTALL_LTDL_TRUE='#'
INSTALL_PROGRAM='${INSTALL}'
INSTALL_SCRIPT='${INSTALL}'
INSTALL_STRIP_PROGRAM='$(install_sh) -c -s'
LDFLAGS=''
LIBADD_DL='-ldl'
LIBOBJS=''
LIBS=''
LIBTOOL='$(SHELL) $(top_builddir)/libtool'
LIBTOOL_DEPS='./ltmain.sh'
LN_S='ln -s'
LTLIBOBJS=''
MAKEINFO='${SHELL} /home/tiian/lixa/src/extra/libltdl/missing --run makeinfo'
NMEDIT=''
OBJDUMP='objdump'
OBJEXT='o'
PACKAGE='libltdl'
PACKAGE_BUGREPORT='bug-libtool@gnu.org'
PACKAGE_NAME='libltdl'
PACKAGE_STRING='libltdl 1.2'
PACKAGE_TARNAME='libltdl'
PACKAGE_VERSION='1.2'
PATH_SEPARATOR=':'
RANLIB='ranlib'
SED='/bin/sed'
SET_MAKE=''
SHELL='/bin/bash'
STRIP='strip'
VERSION='1.2'
ac_ct_CC='gcc'
ac_ct_CXX='g++'
ac_ct_F77=''
am__fastdepCC_FALSE=''
am__fastdepCC_TRUE='#'
am__fastdepCXX_FALSE=''
am__fastdepCXX_TRUE='#'
am__include='include'
am__isrc=''
am__leading_dot='.'
am__quote=''
am__tar='${AMTAR} chof - "$$tardir"'
am__untar='${AMTAR} xf -'
bindir='${exec_prefix}/bin'
build='i686-pc-linux-gnu'
build_alias=''
build_cpu='i686'
build_os='linux-gnu'
build_vendor='pc'
datadir='${datarootdir}'
datarootdir='${prefix}/share'
docdir='${datarootdir}/doc/${PACKAGE_TARNAME}'
dvidir='${docdir}'
exec_prefix='${prefix}'
host='i686-pc-linux-gnu'
host_alias=''
host_cpu='i686'
host_os='linux-gnu'
host_vendor='pc'
htmldir='${docdir}'
includedir='${prefix}/include'
infodir='${datarootdir}/info'
install_sh='$(SHELL) /home/tiian/lixa/src/extra/libltdl/install-sh'
libdir='${exec_prefix}/lib'
libexecdir='${exec_prefix}/libexec'
localedir='${datarootdir}/locale'
localstatedir='${prefix}/var'
mandir='${datarootdir}/man'
mkdir_p='/bin/mkdir -p'
oldincludedir='/usr/include'
pdfdir='${docdir}'
prefix='/tmp/lixa'
program_transform_name='s,x,x,'
psdir='${docdir}'
sbindir='${exec_prefix}/sbin'
sharedstatedir='${prefix}/com'
sysconfdir='${prefix}/etc'
target_alias=''

## ----------- ##
## confdefs.h. ##
## ----------- ##

#define PACKAGE_NAME "libltdl"
#define PACKAGE_TARNAME "libltdl"
#define PACKAGE_VERSION "1.2"
#define PACKAGE_STRING "libltdl 1.2"
#define PACKAGE_BUGREPORT "bug-libtool@gnu.org"
#define STDC_HEADERS 1
#define HAVE_SYS_TYPES_H 1
#define HAVE_SYS_STAT_H 1
#define HAVE_STDLIB_H 1
#define HAVE_STRING_H 1
#define HAVE_MEMORY_H 1
#define HAVE_STRINGS_H 1
#define HAVE_INTTYPES_H 1
#define HAVE_STDINT_H 1
#define HAVE_UNISTD_H 1
#define HAVE_DLFCN_H 1
#define HAVE_DIRENT_H 1
#define LTDL_SHLIB_EXT ".so"
#define LTDL_SHLIBPATH_VAR "LD_LIBRARY_PATH"
#define LTDL_SYSSEARCHPATH "/lib:/usr/lib:/lib/i486-linux-gnu:/usr/lib/i486-linux-gnu:/usr/local/lib"
#define LTDL_OBJDIR ".libs/"
#define HAVE_PRELOADED_SYMBOLS 1
#define HAVE_LIBDL 1
#define HAVE_DLERROR 1
#define HAVE_ARGZ_H 1
#define HAVE_ERROR_T 1
#define HAVE_ARGZ_APPEND 1
#define HAVE_ARGZ_CREATE_SEP 1
#define HAVE_ARGZ_INSERT 1
#define HAVE_ARGZ_NEXT 1
#define HAVE_ARGZ_STRINGIFY 1
#define HAVE_ASSERT_H 1
#define HAVE_CTYPE_H 1
#define HAVE_ERRNO_H 1
#define HAVE_MALLOC_H 1
#define HAVE_MEMORY_H 1
#define HAVE_STDLIB_H 1
#define HAVE_STDIO_H 1
#define HAVE_UNISTD_H 1
#define HAVE_STRING_H 1
#define HAVE_STRCHR 1
#define HAVE_STRRCHR 1
#define HAVE_MEMCPY 1
#define HAVE_MEMMOVE 1
#define HAVE_STRCMP 1
#define HAVE_CLOSEDIR 1
#define HAVE_OPENDIR 1
#define HAVE_READDIR 1

configure: exit 0
